2022.10.30 08:58:13 INFO  tracing is disabled for protocol LSP, to enable tracing of incoming and outgoing JSON messages create an empty file at c:\Users\Emmanuel_ELOUTI\Exercices_Scala\.metals\lsp.trace.json or C:\Users\Emmanuel_ELOUTI\AppData\Local\scalameta\metals\cache\lsp.trace.json
2022.10.30 08:58:15 INFO  logging to file C:\Users\Emmanuel_ELOUTI\Exercices_Scala\.metals\metals.log
2022.10.30 08:58:15 INFO  Started: Metals version 0.11.9 in workspace 'C:\Users\Emmanuel_ELOUTI\Exercices_Scala' for client Visual Studio Code 1.72.2.
2022.10.30 08:58:18 INFO  time: initialize in 3.11s
2022.10.30 08:58:19 WARN  Build server is not auto-connectable.
2022.10.30 08:58:19 WARN  no build tool detected in workspace 'C:\Users\Emmanuel_ELOUTI\Exercices_Scala'. The most common cause for this problem is that the editor was opened in the wrong working directory, for example if you use sbt then the workspace directory should contain build.sbt. 
2022.10.30 08:58:19 WARN  no build target for: C:\Users\Emmanuel_ELOUTI\Exercices_Scala\chapter1\chapter1\src\main\scala\Main.scala
2022.10.30 08:58:23 INFO  no build target found for C:\Users\Emmanuel_ELOUTI\Exercices_Scala\chapter1\chapter1\src\main\scala\Main.scala. Using presentation compiler with project's scala-library version: 3.2.0
2022.10.30 08:58:29 INFO  time: code lens generation in 8.91s
2022.10.30 09:29:18 WARN  no build target for: C:\Users\Emmanuel_ELOUTI\Exercices_Scala\chapter1\chapter1\src\main\scala\Main.scala
Oct 30, 2022 9:29:18 AM org.eclipse.lsp4j.jsonrpc.RemoteEndpoint fallbackResponseError
SEVERE: Internal error: scala.meta.internal.metals.debug.BuildTargetNotFoundForPathException: No build target could be found for the path: C:\Users\Emmanuel_ELOUTI\Exercices_Scala\chapter1\chapter1\src\main\scala\Main.scala
java.util.concurrent.CompletionException: scala.meta.internal.metals.debug.BuildTargetNotFoundForPathException: No build target could be found for the path: C:\Users\Emmanuel_ELOUTI\Exercices_Scala\chapter1\chapter1\src\main\scala\Main.scala
	at java.util.concurrent.CompletableFuture.encodeThrowable(CompletableFuture.java:292)
	at java.util.concurrent.CompletableFuture.completeThrowable(CompletableFuture.java:308)
	at java.util.concurrent.CompletableFuture.uniAccept(CompletableFuture.java:647)
	at java.util.concurrent.CompletableFuture$UniAccept.tryFire(CompletableFuture.java:632)
	at java.util.concurrent.CompletableFuture.uniAcceptStage(CompletableFuture.java:672)
	at java.util.concurrent.CompletableFuture.thenAcceptAsync(CompletableFuture.java:2001)
	at scala.concurrent.java8.FuturesConvertersImpl$CF.thenAccept(FutureConvertersImpl.scala:37)
	at org.eclipse.lsp4j.jsonrpc.RemoteEndpoint.handleRequest(RemoteEndpoint.java:279)
	at org.eclipse.lsp4j.jsonrpc.RemoteEndpoint.consume(RemoteEndpoint.java:190)
	at org.eclipse.lsp4j.jsonrpc.json.StreamMessageProducer.handleMessage(StreamMessageProducer.java:194)
	at org.eclipse.lsp4j.jsonrpc.json.StreamMessageProducer.listen(StreamMessageProducer.java:94)
	at org.eclipse.lsp4j.jsonrpc.json.ConcurrentMessageProcessor.run(ConcurrentMessageProcessor.java:113)
	at java.util.concurrent.Executors$RunnableAdapter.call(Executors.java:511)
	at java.util.concurrent.FutureTask.run(FutureTask.java:266)
	at java.util.concurrent.ThreadPoolExecutor.runWorker(ThreadPoolExecutor.java:1149)
	at java.util.concurrent.ThreadPoolExecutor$Worker.run(ThreadPoolExecutor.java:624)
	at java.lang.Thread.run(Thread.java:748)
Caused by: scala.meta.internal.metals.debug.BuildTargetNotFoundForPathException: No build target could be found for the path: C:\Users\Emmanuel_ELOUTI\Exercices_Scala\chapter1\chapter1\src\main\scala\Main.scala
	at scala.meta.internal.metals.debug.DebugProvider.debugDiscovery(DebugProvider.scala:412)
	at scala.meta.internal.metals.MetalsLanguageServer.executeCommand(MetalsLanguageServer.scala:1963)
	at sun.reflect.NativeMethodAccessorImpl.invoke0(Native Method)
	at sun.reflect.NativeMethodAccessorImpl.invoke(NativeMethodAccessorImpl.java:62)
	at sun.reflect.DelegatingMethodAccessorImpl.invoke(DelegatingMethodAccessorImpl.java:43)
	at java.lang.reflect.Method.invoke(Method.java:498)
	at org.eclipse.lsp4j.jsonrpc.services.GenericEndpoint.lambda$null$0(GenericEndpoint.java:65)
	at org.eclipse.lsp4j.jsonrpc.services.GenericEndpoint.request(GenericEndpoint.java:120)
	at org.eclipse.lsp4j.jsonrpc.RemoteEndpoint.handleRequest(RemoteEndpoint.java:261)
	... 9 more

2022.10.30 10:20:21 INFO  shutting down Metals
2022.10.30 10:21:40 INFO  tracing is disabled for protocol LSP, to enable tracing of incoming and outgoing JSON messages create an empty file at c:\Users\Emmanuel_ELOUTI\Exercices_Scala\.metals\lsp.trace.json or C:\Users\Emmanuel_ELOUTI\AppData\Local\scalameta\metals\cache\lsp.trace.json
2022.10.30 10:21:41 INFO  logging to file C:\Users\Emmanuel_ELOUTI\Exercices_Scala\.metals\metals.log
